<?xml version="1.0" encoding="UTF-8"?>
<testng-results ignored="0" total="1" passed="1" failed="0" skipped="0">
  <reporter-output>
  </reporter-output>
  <suite started-at="2025-08-30T23:39:19 IST" name="Suite" finished-at="2025-08-30T23:39:32 IST" duration-ms="12897">
    <groups>
    </groups>
    <test started-at="2025-08-30T23:39:19 IST" name="Test" finished-at="2025-08-30T23:39:32 IST" duration-ms="12897">
      <class name="Prod_Test">
        <test-method is-config="true" signature="setup()[pri:0, instance:Prod_Test@609e8838]" started-at="2025-08-30T23:39:19 IST" name="setup" finished-at="2025-08-30T23:39:26 IST" duration-ms="6389" status="PASS">
          <reporter-output>
          </reporter-output>
        </test-method> <!-- setup -->
        <test-method signature="Prod_Test()[pri:0, instance:Prod_Test@609e8838]" started-at="2025-08-30T23:39:26 IST" name="Prod_Test" finished-at="2025-08-30T23:39:32 IST" duration-ms="6194" status="PASS">
          <reporter-output>
          </reporter-output>
        </test-method> <!-- Prod_Test -->
        <test-method is-config="true" signature="teardown()[pri:0, instance:Prod_Test@609e8838]" started-at="2025-08-30T23:39:32 IST" name="teardown" finished-at="2025-08-30T23:39:32 IST" duration-ms="258" status="PASS">
          <reporter-output>
          </reporter-output>
        </test-method> <!-- teardown -->
      </class> <!-- Prod_Test -->
    </test> <!-- Test -->
  </suite> <!-- Suite -->
</testng-results>
